Created from template: |append [ot_log-%y-%m-%d_%H_%M_%s.log] 
Number of records: 100000
Lifetime: unlimited
Log format:
date time severity {session id} <category> [source]
label: message
===================================================

2021-Nov-08 23:02:03.569 ALW {N/A} <N/A> [OptimComponents Core]
========== Log start ==========

2021-Nov-08 23:02:03.569 INFO {N/A} <N/A> [OptimComponents Core]
Created session with ID 'vxmlDialog_0'.

2021-Nov-08 23:02:03.687 INFO {vxmlDialog_0} <Interpretation tracking> [VoiceXML interpreter]
Preparing document 'file:/D:/Bureau/Upssitech/3A/Dialogue/Upssitech_3A_TP_Dialogue/AGENDA_V0/Reservation.vxml'.

2021-Nov-08 23:02:03.699 INFO {vxmlDialog_0} <Interpretation tracking> [VoiceXML interpreter]
Preparing of document 'file:/D:/Bureau/Upssitech/3A/Dialogue/Upssitech_3A_TP_Dialogue/AGENDA_V0/Reservation.vxml' completed.
  result = success

2021-Nov-08 23:02:03.700 INFO {vxmlDialog_0} <Interpretation tracking> [VoiceXML interpreter]
Interpreting document 'file:/D:/Bureau/Upssitech/3A/Dialogue/Upssitech_3A_TP_Dialogue/AGENDA_V0/Reservation.vxml'

2021-Nov-08 23:02:03.708 INFO {vxmlDialog_0} <Interpretation tracking> [VoiceXML interpreter]
Interpreting <form> with id 'start'; line 12; column 1.

2021-Nov-08 23:02:03.824 INFO {vxmlDialog_0} <Interpretation tracking> [VoiceXML interpreter]
Interpreting <initial> with name 'mixed'; line 34; column 3.

2021-Nov-08 23:02:03.828 INFO {vxmlDialog_0} <Interpretation tracking> [VoiceXML interpreter]
Waiting for user's input.

2021-Nov-08 23:02:06.492 INFO {vxmlDialog_0} <Interpretation tracking> [VoiceXML interpreter]
User's input collection completed.

2021-Nov-08 23:02:07.443 INFO {vxmlDialog_0} <Interpretation tracking> [VoiceXML interpreter]
The following input was collected:
  utterance = Je voudrais reserver la salle deux le lundi deux mars a dix heures pour une heure dans la salle deux avec le motif Information
  confidence = 1
  mode = voice

2021-Nov-08 23:02:07.445 INFO {vxmlDialog_0} <Interpretation tracking> [VoiceXML interpreter]
Interpreting <initial> with name 'mixed'; line 34; column 3.

2021-Nov-08 23:02:07.449 INFO {vxmlDialog_0} <Interpretation tracking> [VoiceXML interpreter]
Waiting for user's input.

2021-Nov-08 23:02:15.456 INFO {vxmlDialog_0} <Interpretation tracking> [VoiceXML interpreter]
An event 'noinput' was added to the event queue

2021-Nov-08 23:02:15.457 INFO {vxmlDialog_0} <Interpretation tracking> [VoiceXML interpreter]
User's input collection completed.

2021-Nov-08 23:02:15.457 INFO {vxmlDialog_0} <Interpretation tracking> [VoiceXML interpreter]
Processing event 'noinput'.
  Event origin = document 'file:/D:/Bureau/Upssitech/3A/Dialogue/Upssitech_3A_TP_Dialogue/AGENDA_V0/Reservation.vxml'; line 34
  Handler location = platform default handler

2021-Nov-08 23:02:15.457 INFO {vxmlDialog_0} <Interpretation tracking> [VoiceXML interpreter]
Interpreting <initial> with name 'mixed'; line 34; column 3.

2021-Nov-08 23:02:15.461 INFO {vxmlDialog_0} <Interpretation tracking> [VoiceXML interpreter]
Waiting for user's input.

2021-Nov-08 23:02:23.464 INFO {vxmlDialog_0} <Interpretation tracking> [VoiceXML interpreter]
An event 'noinput' was added to the event queue

2021-Nov-08 23:02:23.464 INFO {vxmlDialog_0} <Interpretation tracking> [VoiceXML interpreter]
User's input collection completed.

2021-Nov-08 23:02:23.465 INFO {vxmlDialog_0} <Interpretation tracking> [VoiceXML interpreter]
Processing event 'noinput'.
  Event origin = document 'file:/D:/Bureau/Upssitech/3A/Dialogue/Upssitech_3A_TP_Dialogue/AGENDA_V0/Reservation.vxml'; line 34
  Handler location = platform default handler

2021-Nov-08 23:02:23.465 INFO {vxmlDialog_0} <Interpretation tracking> [VoiceXML interpreter]
Interpreting <initial> with name 'mixed'; line 34; column 3.

2021-Nov-08 23:02:23.468 INFO {vxmlDialog_0} <Interpretation tracking> [VoiceXML interpreter]
Waiting for user's input.

2021-Nov-08 23:02:31.483 INFO {vxmlDialog_0} <Interpretation tracking> [VoiceXML interpreter]
An event 'noinput' was added to the event queue

2021-Nov-08 23:02:31.483 INFO {vxmlDialog_0} <Interpretation tracking> [VoiceXML interpreter]
User's input collection completed.

2021-Nov-08 23:02:31.484 INFO {vxmlDialog_0} <Interpretation tracking> [VoiceXML interpreter]
Processing event 'noinput'.
  Event origin = document 'file:/D:/Bureau/Upssitech/3A/Dialogue/Upssitech_3A_TP_Dialogue/AGENDA_V0/Reservation.vxml'; line 34
  Handler location = platform default handler

2021-Nov-08 23:02:31.484 INFO {vxmlDialog_0} <Interpretation tracking> [VoiceXML interpreter]
Interpreting <initial> with name 'mixed'; line 34; column 3.

2021-Nov-08 23:02:31.488 INFO {vxmlDialog_0} <Interpretation tracking> [VoiceXML interpreter]
Waiting for user's input.

2021-Nov-08 23:02:39.498 INFO {vxmlDialog_0} <Interpretation tracking> [VoiceXML interpreter]
An event 'noinput' was added to the event queue

2021-Nov-08 23:02:39.498 INFO {vxmlDialog_0} <Interpretation tracking> [VoiceXML interpreter]
User's input collection completed.

2021-Nov-08 23:02:39.499 INFO {vxmlDialog_0} <Interpretation tracking> [VoiceXML interpreter]
Processing event 'noinput'.
  Event origin = document 'file:/D:/Bureau/Upssitech/3A/Dialogue/Upssitech_3A_TP_Dialogue/AGENDA_V0/Reservation.vxml'; line 34
  Handler location = platform default handler

2021-Nov-08 23:02:39.499 INFO {vxmlDialog_0} <Interpretation tracking> [VoiceXML interpreter]
Interpreting <initial> with name 'mixed'; line 34; column 3.

2021-Nov-08 23:02:39.502 INFO {vxmlDialog_0} <Interpretation tracking> [VoiceXML interpreter]
Waiting for user's input.

2021-Nov-08 23:02:47.512 INFO {vxmlDialog_0} <Interpretation tracking> [VoiceXML interpreter]
An event 'noinput' was added to the event queue

2021-Nov-08 23:02:47.512 INFO {vxmlDialog_0} <Interpretation tracking> [VoiceXML interpreter]
User's input collection completed.

2021-Nov-08 23:02:47.512 INFO {vxmlDialog_0} <Interpretation tracking> [VoiceXML interpreter]
Processing event 'noinput'.
  Event origin = document 'file:/D:/Bureau/Upssitech/3A/Dialogue/Upssitech_3A_TP_Dialogue/AGENDA_V0/Reservation.vxml'; line 34
  Handler location = platform default handler

2021-Nov-08 23:02:47.513 INFO {vxmlDialog_0} <Interpretation tracking> [VoiceXML interpreter]
Interpreting <initial> with name 'mixed'; line 34; column 3.

2021-Nov-08 23:02:47.517 INFO {vxmlDialog_0} <Interpretation tracking> [VoiceXML interpreter]
Waiting for user's input.

2021-Nov-08 23:02:55.530 INFO {vxmlDialog_0} <Interpretation tracking> [VoiceXML interpreter]
An event 'noinput' was added to the event queue

2021-Nov-08 23:02:55.530 INFO {vxmlDialog_0} <Interpretation tracking> [VoiceXML interpreter]
User's input collection completed.

2021-Nov-08 23:02:55.530 INFO {vxmlDialog_0} <Interpretation tracking> [VoiceXML interpreter]
Processing event 'noinput'.
  Event origin = document 'file:/D:/Bureau/Upssitech/3A/Dialogue/Upssitech_3A_TP_Dialogue/AGENDA_V0/Reservation.vxml'; line 34
  Handler location = platform default handler

2021-Nov-08 23:02:55.530 INFO {vxmlDialog_0} <Interpretation tracking> [VoiceXML interpreter]
Interpreting <initial> with name 'mixed'; line 34; column 3.

2021-Nov-08 23:02:55.534 INFO {vxmlDialog_0} <Interpretation tracking> [VoiceXML interpreter]
Waiting for user's input.

2021-Nov-08 23:03:03.544 INFO {vxmlDialog_0} <Interpretation tracking> [VoiceXML interpreter]
An event 'noinput' was added to the event queue

2021-Nov-08 23:03:03.544 INFO {vxmlDialog_0} <Interpretation tracking> [VoiceXML interpreter]
User's input collection completed.

2021-Nov-08 23:03:03.544 INFO {vxmlDialog_0} <Interpretation tracking> [VoiceXML interpreter]
Processing event 'noinput'.
  Event origin = document 'file:/D:/Bureau/Upssitech/3A/Dialogue/Upssitech_3A_TP_Dialogue/AGENDA_V0/Reservation.vxml'; line 34
  Handler location = platform default handler

2021-Nov-08 23:03:03.544 INFO {vxmlDialog_0} <Interpretation tracking> [VoiceXML interpreter]
Interpreting <initial> with name 'mixed'; line 34; column 3.

2021-Nov-08 23:03:03.548 INFO {vxmlDialog_0} <Interpretation tracking> [VoiceXML interpreter]
Waiting for user's input.

2021-Nov-08 23:03:07.951 INFO {vxmlDialog_0} <Interpretation tracking> [VoiceXML interpreter]
User's input collection completed.

2021-Nov-08 23:03:08.895 INFO {vxmlDialog_0} <Interpretation tracking> [VoiceXML interpreter]
The following input was collected:
  utterance = Je voudrais reserver la salle deux le lundi deux mars a dix heures pour une heure dans la salle deux avec le motif Information
  confidence = 1
  mode = voice

2021-Nov-08 23:03:08.897 INFO {vxmlDialog_0} <Interpretation tracking> [VoiceXML interpreter]
Interpreting <initial> with name 'mixed'; line 34; column 3.

2021-Nov-08 23:03:08.901 INFO {vxmlDialog_0} <Interpretation tracking> [VoiceXML interpreter]
Waiting for user's input.

2021-Nov-08 23:03:16.913 INFO {vxmlDialog_0} <Interpretation tracking> [VoiceXML interpreter]
An event 'noinput' was added to the event queue

2021-Nov-08 23:03:16.913 INFO {vxmlDialog_0} <Interpretation tracking> [VoiceXML interpreter]
User's input collection completed.

2021-Nov-08 23:03:16.913 INFO {vxmlDialog_0} <Interpretation tracking> [VoiceXML interpreter]
Processing event 'noinput'.
  Event origin = document 'file:/D:/Bureau/Upssitech/3A/Dialogue/Upssitech_3A_TP_Dialogue/AGENDA_V0/Reservation.vxml'; line 34
  Handler location = platform default handler

2021-Nov-08 23:03:16.913 INFO {vxmlDialog_0} <Interpretation tracking> [VoiceXML interpreter]
Interpreting <initial> with name 'mixed'; line 34; column 3.

2021-Nov-08 23:03:16.918 INFO {vxmlDialog_0} <Interpretation tracking> [VoiceXML interpreter]
Waiting for user's input.

2021-Nov-08 23:03:24.921 INFO {vxmlDialog_0} <Interpretation tracking> [VoiceXML interpreter]
An event 'noinput' was added to the event queue

2021-Nov-08 23:03:24.921 INFO {vxmlDialog_0} <Interpretation tracking> [VoiceXML interpreter]
User's input collection completed.

2021-Nov-08 23:03:24.921 INFO {vxmlDialog_0} <Interpretation tracking> [VoiceXML interpreter]
Processing event 'noinput'.
  Event origin = document 'file:/D:/Bureau/Upssitech/3A/Dialogue/Upssitech_3A_TP_Dialogue/AGENDA_V0/Reservation.vxml'; line 34
  Handler location = platform default handler

2021-Nov-08 23:03:24.922 INFO {vxmlDialog_0} <Interpretation tracking> [VoiceXML interpreter]
Interpreting <initial> with name 'mixed'; line 34; column 3.

2021-Nov-08 23:03:24.925 INFO {vxmlDialog_0} <Interpretation tracking> [VoiceXML interpreter]
Waiting for user's input.

2021-Nov-08 23:03:32.938 INFO {vxmlDialog_0} <Interpretation tracking> [VoiceXML interpreter]
An event 'noinput' was added to the event queue

2021-Nov-08 23:03:32.939 INFO {vxmlDialog_0} <Interpretation tracking> [VoiceXML interpreter]
User's input collection completed.

2021-Nov-08 23:03:32.939 INFO {vxmlDialog_0} <Interpretation tracking> [VoiceXML interpreter]
Processing event 'noinput'.
  Event origin = document 'file:/D:/Bureau/Upssitech/3A/Dialogue/Upssitech_3A_TP_Dialogue/AGENDA_V0/Reservation.vxml'; line 34
  Handler location = platform default handler

2021-Nov-08 23:03:32.939 INFO {vxmlDialog_0} <Interpretation tracking> [VoiceXML interpreter]
Interpreting <initial> with name 'mixed'; line 34; column 3.

2021-Nov-08 23:03:32.946 INFO {vxmlDialog_0} <Interpretation tracking> [VoiceXML interpreter]
Waiting for user's input.

2021-Nov-08 23:03:40.955 INFO {vxmlDialog_0} <Interpretation tracking> [VoiceXML interpreter]
An event 'noinput' was added to the event queue

2021-Nov-08 23:03:40.955 INFO {vxmlDialog_0} <Interpretation tracking> [VoiceXML interpreter]
User's input collection completed.

2021-Nov-08 23:03:40.955 INFO {vxmlDialog_0} <Interpretation tracking> [VoiceXML interpreter]
Processing event 'noinput'.
  Event origin = document 'file:/D:/Bureau/Upssitech/3A/Dialogue/Upssitech_3A_TP_Dialogue/AGENDA_V0/Reservation.vxml'; line 34
  Handler location = platform default handler

2021-Nov-08 23:03:40.955 INFO {vxmlDialog_0} <Interpretation tracking> [VoiceXML interpreter]
Interpreting <initial> with name 'mixed'; line 34; column 3.

2021-Nov-08 23:03:40.959 INFO {vxmlDialog_0} <Interpretation tracking> [VoiceXML interpreter]
Waiting for user's input.

2021-Nov-08 23:03:48.974 INFO {vxmlDialog_0} <Interpretation tracking> [VoiceXML interpreter]
An event 'noinput' was added to the event queue

2021-Nov-08 23:03:48.974 INFO {vxmlDialog_0} <Interpretation tracking> [VoiceXML interpreter]
User's input collection completed.

2021-Nov-08 23:03:48.974 INFO {vxmlDialog_0} <Interpretation tracking> [VoiceXML interpreter]
Processing event 'noinput'.
  Event origin = document 'file:/D:/Bureau/Upssitech/3A/Dialogue/Upssitech_3A_TP_Dialogue/AGENDA_V0/Reservation.vxml'; line 34
  Handler location = platform default handler

2021-Nov-08 23:03:48.974 INFO {vxmlDialog_0} <Interpretation tracking> [VoiceXML interpreter]
Interpreting <initial> with name 'mixed'; line 34; column 3.

2021-Nov-08 23:03:48.981 INFO {vxmlDialog_0} <Interpretation tracking> [VoiceXML interpreter]
Waiting for user's input.

2021-Nov-08 23:03:56.989 INFO {vxmlDialog_0} <Interpretation tracking> [VoiceXML interpreter]
An event 'noinput' was added to the event queue

2021-Nov-08 23:03:56.989 INFO {vxmlDialog_0} <Interpretation tracking> [VoiceXML interpreter]
User's input collection completed.

2021-Nov-08 23:03:56.989 INFO {vxmlDialog_0} <Interpretation tracking> [VoiceXML interpreter]
Processing event 'noinput'.
  Event origin = document 'file:/D:/Bureau/Upssitech/3A/Dialogue/Upssitech_3A_TP_Dialogue/AGENDA_V0/Reservation.vxml'; line 34
  Handler location = platform default handler

2021-Nov-08 23:03:56.989 INFO {vxmlDialog_0} <Interpretation tracking> [VoiceXML interpreter]
Interpreting <initial> with name 'mixed'; line 34; column 3.

2021-Nov-08 23:03:56.992 INFO {vxmlDialog_0} <Interpretation tracking> [VoiceXML interpreter]
Waiting for user's input.

2021-Nov-08 23:04:05.006 INFO {vxmlDialog_0} <Interpretation tracking> [VoiceXML interpreter]
An event 'noinput' was added to the event queue

2021-Nov-08 23:04:05.006 INFO {vxmlDialog_0} <Interpretation tracking> [VoiceXML interpreter]
User's input collection completed.

2021-Nov-08 23:04:05.006 INFO {vxmlDialog_0} <Interpretation tracking> [VoiceXML interpreter]
Processing event 'noinput'.
  Event origin = document 'file:/D:/Bureau/Upssitech/3A/Dialogue/Upssitech_3A_TP_Dialogue/AGENDA_V0/Reservation.vxml'; line 34
  Handler location = platform default handler

2021-Nov-08 23:04:05.006 INFO {vxmlDialog_0} <Interpretation tracking> [VoiceXML interpreter]
Interpreting <initial> with name 'mixed'; line 34; column 3.

2021-Nov-08 23:04:05.010 INFO {vxmlDialog_0} <Interpretation tracking> [VoiceXML interpreter]
Waiting for user's input.

2021-Nov-08 23:04:13.012 INFO {vxmlDialog_0} <Interpretation tracking> [VoiceXML interpreter]
An event 'noinput' was added to the event queue

2021-Nov-08 23:04:13.012 INFO {vxmlDialog_0} <Interpretation tracking> [VoiceXML interpreter]
User's input collection completed.

2021-Nov-08 23:04:13.012 INFO {vxmlDialog_0} <Interpretation tracking> [VoiceXML interpreter]
Processing event 'noinput'.
  Event origin = document 'file:/D:/Bureau/Upssitech/3A/Dialogue/Upssitech_3A_TP_Dialogue/AGENDA_V0/Reservation.vxml'; line 34
  Handler location = platform default handler

2021-Nov-08 23:04:13.012 INFO {vxmlDialog_0} <Interpretation tracking> [VoiceXML interpreter]
Interpreting <initial> with name 'mixed'; line 34; column 3.

2021-Nov-08 23:04:13.016 INFO {vxmlDialog_0} <Interpretation tracking> [VoiceXML interpreter]
Waiting for user's input.

2021-Nov-08 23:04:21.031 INFO {vxmlDialog_0} <Interpretation tracking> [VoiceXML interpreter]
An event 'noinput' was added to the event queue

2021-Nov-08 23:04:21.031 INFO {vxmlDialog_0} <Interpretation tracking> [VoiceXML interpreter]
User's input collection completed.

2021-Nov-08 23:04:21.032 INFO {vxmlDialog_0} <Interpretation tracking> [VoiceXML interpreter]
Processing event 'noinput'.
  Event origin = document 'file:/D:/Bureau/Upssitech/3A/Dialogue/Upssitech_3A_TP_Dialogue/AGENDA_V0/Reservation.vxml'; line 34
  Handler location = platform default handler

2021-Nov-08 23:04:21.032 INFO {vxmlDialog_0} <Interpretation tracking> [VoiceXML interpreter]
Interpreting <initial> with name 'mixed'; line 34; column 3.

2021-Nov-08 23:04:21.035 INFO {vxmlDialog_0} <Interpretation tracking> [VoiceXML interpreter]
Waiting for user's input.

2021-Nov-08 23:04:29.047 INFO {vxmlDialog_0} <Interpretation tracking> [VoiceXML interpreter]
An event 'noinput' was added to the event queue

2021-Nov-08 23:04:29.047 INFO {vxmlDialog_0} <Interpretation tracking> [VoiceXML interpreter]
User's input collection completed.

2021-Nov-08 23:04:29.047 INFO {vxmlDialog_0} <Interpretation tracking> [VoiceXML interpreter]
Processing event 'noinput'.
  Event origin = document 'file:/D:/Bureau/Upssitech/3A/Dialogue/Upssitech_3A_TP_Dialogue/AGENDA_V0/Reservation.vxml'; line 34
  Handler location = platform default handler

2021-Nov-08 23:04:29.048 INFO {vxmlDialog_0} <Interpretation tracking> [VoiceXML interpreter]
Interpreting <initial> with name 'mixed'; line 34; column 3.

2021-Nov-08 23:04:29.053 INFO {vxmlDialog_0} <Interpretation tracking> [VoiceXML interpreter]
Waiting for user's input.

2021-Nov-08 23:04:37.065 INFO {vxmlDialog_0} <Interpretation tracking> [VoiceXML interpreter]
An event 'noinput' was added to the event queue

2021-Nov-08 23:04:37.065 INFO {vxmlDialog_0} <Interpretation tracking> [VoiceXML interpreter]
User's input collection completed.

2021-Nov-08 23:04:37.066 INFO {vxmlDialog_0} <Interpretation tracking> [VoiceXML interpreter]
Processing event 'noinput'.
  Event origin = document 'file:/D:/Bureau/Upssitech/3A/Dialogue/Upssitech_3A_TP_Dialogue/AGENDA_V0/Reservation.vxml'; line 34
  Handler location = platform default handler

2021-Nov-08 23:04:37.066 INFO {vxmlDialog_0} <Interpretation tracking> [VoiceXML interpreter]
Interpreting <initial> with name 'mixed'; line 34; column 3.

2021-Nov-08 23:04:37.069 INFO {vxmlDialog_0} <Interpretation tracking> [VoiceXML interpreter]
Waiting for user's input.

2021-Nov-08 23:04:45.084 INFO {vxmlDialog_0} <Interpretation tracking> [VoiceXML interpreter]
An event 'noinput' was added to the event queue

2021-Nov-08 23:04:45.084 INFO {vxmlDialog_0} <Interpretation tracking> [VoiceXML interpreter]
User's input collection completed.

2021-Nov-08 23:04:45.085 INFO {vxmlDialog_0} <Interpretation tracking> [VoiceXML interpreter]
Processing event 'noinput'.
  Event origin = document 'file:/D:/Bureau/Upssitech/3A/Dialogue/Upssitech_3A_TP_Dialogue/AGENDA_V0/Reservation.vxml'; line 34
  Handler location = platform default handler

2021-Nov-08 23:04:45.085 INFO {vxmlDialog_0} <Interpretation tracking> [VoiceXML interpreter]
Interpreting <initial> with name 'mixed'; line 34; column 3.

2021-Nov-08 23:04:45.088 INFO {vxmlDialog_0} <Interpretation tracking> [VoiceXML interpreter]
Waiting for user's input.

2021-Nov-08 23:04:53.097 INFO {vxmlDialog_0} <Interpretation tracking> [VoiceXML interpreter]
An event 'noinput' was added to the event queue

2021-Nov-08 23:04:53.098 INFO {vxmlDialog_0} <Interpretation tracking> [VoiceXML interpreter]
User's input collection completed.

2021-Nov-08 23:04:53.098 INFO {vxmlDialog_0} <Interpretation tracking> [VoiceXML interpreter]
Processing event 'noinput'.
  Event origin = document 'file:/D:/Bureau/Upssitech/3A/Dialogue/Upssitech_3A_TP_Dialogue/AGENDA_V0/Reservation.vxml'; line 34
  Handler location = platform default handler

2021-Nov-08 23:04:53.098 INFO {vxmlDialog_0} <Interpretation tracking> [VoiceXML interpreter]
Interpreting <initial> with name 'mixed'; line 34; column 3.

2021-Nov-08 23:04:53.101 INFO {vxmlDialog_0} <Interpretation tracking> [VoiceXML interpreter]
Waiting for user's input.

2021-Nov-08 23:05:01.113 INFO {vxmlDialog_0} <Interpretation tracking> [VoiceXML interpreter]
An event 'noinput' was added to the event queue

2021-Nov-08 23:05:01.113 INFO {vxmlDialog_0} <Interpretation tracking> [VoiceXML interpreter]
User's input collection completed.

2021-Nov-08 23:05:01.113 INFO {vxmlDialog_0} <Interpretation tracking> [VoiceXML interpreter]
Processing event 'noinput'.
  Event origin = document 'file:/D:/Bureau/Upssitech/3A/Dialogue/Upssitech_3A_TP_Dialogue/AGENDA_V0/Reservation.vxml'; line 34
  Handler location = platform default handler

2021-Nov-08 23:05:01.113 INFO {vxmlDialog_0} <Interpretation tracking> [VoiceXML interpreter]
Interpreting <initial> with name 'mixed'; line 34; column 3.

2021-Nov-08 23:05:01.118 INFO {vxmlDialog_0} <Interpretation tracking> [VoiceXML interpreter]
Waiting for user's input.

2021-Nov-08 23:05:09.134 INFO {vxmlDialog_0} <Interpretation tracking> [VoiceXML interpreter]
An event 'noinput' was added to the event queue

2021-Nov-08 23:05:09.134 INFO {vxmlDialog_0} <Interpretation tracking> [VoiceXML interpreter]
User's input collection completed.

2021-Nov-08 23:05:09.134 INFO {vxmlDialog_0} <Interpretation tracking> [VoiceXML interpreter]
Processing event 'noinput'.
  Event origin = document 'file:/D:/Bureau/Upssitech/3A/Dialogue/Upssitech_3A_TP_Dialogue/AGENDA_V0/Reservation.vxml'; line 34
  Handler location = platform default handler

2021-Nov-08 23:05:09.134 INFO {vxmlDialog_0} <Interpretation tracking> [VoiceXML interpreter]
Interpreting <initial> with name 'mixed'; line 34; column 3.

2021-Nov-08 23:05:09.138 INFO {vxmlDialog_0} <Interpretation tracking> [VoiceXML interpreter]
Waiting for user's input.

2021-Nov-08 23:05:13.509 INFO {vxmlDialog_0} <Interpretation tracking> [VoiceXML interpreter]
User has been disconnected.

2021-Nov-08 23:05:13.509 INFO {vxmlDialog_0} <Interpretation tracking> [VoiceXML interpreter]
An event 'connection.disconnect.hangup' was added to the event queue

2021-Nov-08 23:05:13.510 INFO {vxmlDialog_0} <Interpretation tracking> [VoiceXML interpreter]
User's input collection completed.

2021-Nov-08 23:05:13.510 INFO {vxmlDialog_0} <Interpretation tracking> [VoiceXML interpreter]
Processing event 'connection.disconnect.hangup'.
  Event origin = document 'file:/D:/Bureau/Upssitech/3A/Dialogue/Upssitech_3A_TP_Dialogue/AGENDA_V0/Reservation.vxml'
  Handler location = platform default handler

2021-Nov-08 23:05:13.515 INFO {vxmlDialog_0} <Interpretation tracking> [VoiceXML interpreter]
Interpretation finished.
  value returned by <exit> = 
{
}
  value returned by <disconnect> = 
undefined

2021-Nov-08 23:05:13.541 INFO {N/A} <N/A> [OptimComponents Core]
Deleted session with ID 'vxmlDialog_0'.

