Created from template: |append [ot_log-%y-%m-%d_%H_%M_%s.log] 
Number of records: 100000
Lifetime: unlimited
Log format:
date time severity {session id} <category> [source]
label: message
===================================================

2021-Oct-27 17:14:52.166 ALW {N/A} <N/A> [OptimComponents Core]
========== Log start ==========

2021-Oct-27 17:14:52.166 INFO {N/A} <N/A> [OptimComponents Core]
Created session with ID 'vxmlDialog_0'.

2021-Oct-27 17:14:52.375 INFO {vxmlDialog_0} <Interpretation tracking> [VoiceXML interpreter]
Preparing document 'file:/D:/Bureau/Upssitech/3A/Dialogue/Upssitech_3A_TP_Dialogue/AGENDA_V0/gestion_agenda_v1_bis.vxml'.

2021-Oct-27 17:14:52.393 INFO {vxmlDialog_0} <Interpretation tracking> [VoiceXML interpreter]
An event 'error.badfetch' was added to the event queue

2021-Oct-27 17:14:52.398 INFO {vxmlDialog_0} <Interpretation tracking> [VoiceXML interpreter]
Preparing of document 'file:/D:/Bureau/Upssitech/3A/Dialogue/Upssitech_3A_TP_Dialogue/AGENDA_V0/gestion_agenda_v1_bis.vxml' completed.
  result = failure

2021-Oct-27 17:14:52.399 ERR  {vxmlDialog_0} <interpretation error> [VoiceXML interpreter]
The following error occurred during the interpretation: A VoiceXML event 'error.badfetch' was generated during preparing of a VoiceXML document. The following message was associated with the event: Cannot load document 'file:/D:/Bureau/Upssitech/3A/Dialogue/Upssitech_3A_TP_Dialogue/AGENDA_V0/gestion_agenda_v1_bis.vxml' since an error occurred in call to XML parser. XML parser reports: line 103, column 1; Expected end of tag 'form' opened at line 32, column 1.

2021-Oct-27 17:14:52.399 WARN {vxmlDialog_0} <Alarm> [VoiceXML interpreter]
optimtalk.interpretationError: The following error occurred during the interpretation: A VoiceXML event 'error.badfetch' was generated during preparing of a VoiceXML document. The following message was associated with the event: Cannot load document 'file:/D:/Bureau/Upssitech/3A/Dialogue/Upssitech_3A_TP_Dialogue/AGENDA_V0/gestion_agenda_v1_bis.vxml' since an error occurred in call to XML parser. XML parser reports: line 103, column 1; Expected end of tag 'form' opened at line 32, column 1.

2021-Oct-27 17:14:52.565 INFO {N/A} <N/A> [OptimComponents Core]
Deleted session with ID 'vxmlDialog_0'.

