Created from template: |append [ot_log-%y-%m-%d_%H_%M_%s.log] 
Number of records: 100000
Lifetime: unlimited
Log format:
date time severity {session id} <category> [source]
label: message
===================================================

2021-Sep-22 15:24:18.540 ALW {N/A} <N/A> [OptimComponents Core]
========== Log start ==========

2021-Sep-22 15:24:18.540 INFO {N/A} <N/A> [OptimComponents Core]
Created session with ID 'vxmlDialog_0'.

2021-Sep-22 15:24:18.650 INFO {vxmlDialog_0} <Interpretation tracking> [VoiceXML interpreter]
Preparing document 'file:/L:/Dialogue_Oral/AGENDA_V0/AGENDA_V0/gestion_agenda_v1.vxml'.

2021-Sep-22 15:24:18.670 INFO {vxmlDialog_0} <Interpretation tracking> [VoiceXML interpreter]
Preparing of document 'file:/L:/Dialogue_Oral/AGENDA_V0/AGENDA_V0/gestion_agenda_v1.vxml' completed.
  result = success

2021-Sep-22 15:24:18.670 INFO {vxmlDialog_0} <Interpretation tracking> [VoiceXML interpreter]
Interpreting document 'file:/L:/Dialogue_Oral/AGENDA_V0/AGENDA_V0/gestion_agenda_v1.vxml'

2021-Sep-22 15:24:18.690 INFO {vxmlDialog_0} <Interpretation tracking> [VoiceXML interpreter]
Interpreting <form> with id 'agenda'; line 23; column 1.

2021-Sep-22 15:24:18.690 INFO {vxmlDialog_0} <Interpretation tracking> [VoiceXML interpreter]
Interpreting <block>; line 40; column 1.

2021-Sep-22 15:24:18.700 INFO {vxmlDialog_0} <Interpretation tracking> [VoiceXML interpreter]
Interpreting <field> with name 'num_abonne'; line 48; column 1.

2021-Sep-22 15:24:18.760 INFO {vxmlDialog_0} <Interpretation tracking> [VoiceXML interpreter]
Waiting for user's input.

2021-Sep-22 15:24:21.710 INFO {vxmlDialog_0} <Interpretation tracking> [VoiceXML interpreter]
User's input collection completed.

2021-Sep-22 15:24:21.710 INFO {vxmlDialog_0} <Interpretation tracking> [VoiceXML interpreter]
The following input was collected:
  utterance = trois
  confidence = 1
  mode = voice

2021-Sep-22 15:24:21.720 INFO {vxmlDialog_0} <Interpretation tracking> [VoiceXML interpreter]
Interpreting <filled>; line 61; column 3.

2021-Sep-22 15:24:21.730 INFO {vxmlDialog_0} <Interpretation tracking> [VoiceXML interpreter]
Interpreting <field> with name 'confirm'; line 75; column 3.

2021-Sep-22 15:24:21.770 INFO {vxmlDialog_0} <Interpretation tracking> [VoiceXML interpreter]
Waiting for user's input.

2021-Sep-22 15:24:23.910 INFO {vxmlDialog_0} <Interpretation tracking> [VoiceXML interpreter]
User's input collection completed.

2021-Sep-22 15:24:23.910 INFO {vxmlDialog_0} <Interpretation tracking> [VoiceXML interpreter]
The following input was collected:
  utterance = oui
  confidence = 1
  mode = voice

2021-Sep-22 15:24:23.910 INFO {vxmlDialog_0} <Interpretation tracking> [VoiceXML interpreter]
Interpreting <filled>; line 90; column 10.

2021-Sep-22 15:24:23.920 INFO {vxmlDialog_0} <Interpretation tracking> [VoiceXML interpreter]
Interpreting <block>; line 106; column 1.

2021-Sep-22 15:24:23.930 INFO {vxmlDialog_0} <Interpretation tracking> [VoiceXML interpreter]
Interpreting <field> with name 'resa_salle_date'; line 111; column 1.

2021-Sep-22 15:24:24.020 INFO {vxmlDialog_0} <Interpretation tracking> [VoiceXML interpreter]
Waiting for user's input.

2021-Sep-22 15:24:29.811 INFO {vxmlDialog_0} <Interpretation tracking> [VoiceXML interpreter]
User's input collection completed.

2021-Sep-22 15:24:29.821 INFO {vxmlDialog_0} <Interpretation tracking> [VoiceXML interpreter]
The following input was collected:
  utterance = lundi trois mars
  confidence = 1
  mode = voice

2021-Sep-22 15:24:29.821 INFO {vxmlDialog_0} <Interpretation tracking> [VoiceXML interpreter]
Interpreting <filled>; line 124; column 3.

2021-Sep-22 15:24:29.861 INFO {vxmlDialog_0} <Interpretation tracking> [VoiceXML interpreter]
Interpreting <field> with name 'confirm_resa'; line 136; column 1.

2021-Sep-22 15:24:29.871 INFO {vxmlDialog_0} <Interpretation tracking> [VoiceXML interpreter]
Waiting for user's input.

2021-Sep-22 15:24:37.871 INFO {vxmlDialog_0} <Interpretation tracking> [VoiceXML interpreter]
An event 'noinput' was added to the event queue

2021-Sep-22 15:24:37.871 INFO {vxmlDialog_0} <Interpretation tracking> [VoiceXML interpreter]
User's input collection completed.

2021-Sep-22 15:24:37.871 INFO {vxmlDialog_0} <Interpretation tracking> [VoiceXML interpreter]
Processing event 'noinput'.
  Event origin = document 'file:/L:/Dialogue_Oral/AGENDA_V0/AGENDA_V0/gestion_agenda_v1.vxml'; line 136
  Handler location = document 'file:/L:/Dialogue_Oral/AGENDA_V0/AGENDA_V0/gestion_agenda_v1.vxml'; line 144, column 10

2021-Sep-22 15:24:37.871 INFO {vxmlDialog_0} <Interpretation tracking> [VoiceXML interpreter]
Interpreting <field> with name 'confirm_resa'; line 136; column 1.

2021-Sep-22 15:24:37.871 INFO {vxmlDialog_0} <Interpretation tracking> [VoiceXML interpreter]
Waiting for user's input.

2021-Sep-22 15:24:45.871 INFO {vxmlDialog_0} <Interpretation tracking> [VoiceXML interpreter]
An event 'noinput' was added to the event queue

2021-Sep-22 15:24:45.871 INFO {vxmlDialog_0} <Interpretation tracking> [VoiceXML interpreter]
User's input collection completed.

2021-Sep-22 15:24:45.871 INFO {vxmlDialog_0} <Interpretation tracking> [VoiceXML interpreter]
Processing event 'noinput'.
  Event origin = document 'file:/L:/Dialogue_Oral/AGENDA_V0/AGENDA_V0/gestion_agenda_v1.vxml'; line 136
  Handler location = document 'file:/L:/Dialogue_Oral/AGENDA_V0/AGENDA_V0/gestion_agenda_v1.vxml'; line 144, column 10

2021-Sep-22 15:24:45.871 INFO {vxmlDialog_0} <Interpretation tracking> [VoiceXML interpreter]
Interpreting <field> with name 'confirm_resa'; line 136; column 1.

2021-Sep-22 15:24:45.871 INFO {vxmlDialog_0} <Interpretation tracking> [VoiceXML interpreter]
Waiting for user's input.

2021-Sep-22 15:24:48.972 INFO {vxmlDialog_0} <Interpretation tracking> [VoiceXML interpreter]
User has been disconnected.

2021-Sep-22 15:24:48.972 INFO {vxmlDialog_0} <Interpretation tracking> [VoiceXML interpreter]
An event 'connection.disconnect.hangup' was added to the event queue

2021-Sep-22 15:24:48.972 INFO {vxmlDialog_0} <Interpretation tracking> [VoiceXML interpreter]
User's input collection completed.

2021-Sep-22 15:24:48.972 INFO {vxmlDialog_0} <Interpretation tracking> [VoiceXML interpreter]
Processing event 'connection.disconnect.hangup'.
  Event origin = document 'file:/L:/Dialogue_Oral/AGENDA_V0/AGENDA_V0/gestion_agenda_v1.vxml'
  Handler location = platform default handler

2021-Sep-22 15:24:48.982 INFO {vxmlDialog_0} <Interpretation tracking> [VoiceXML interpreter]
Interpretation finished.
  value returned by <exit> = 
{
}
  value returned by <disconnect> = 
undefined

2021-Sep-22 15:24:49.022 INFO {N/A} <N/A> [OptimComponents Core]
Deleted session with ID 'vxmlDialog_0'.

