Created from template: |append [ot_log-%y-%m-%d_%H_%M_%s.log] 
Number of records: 100000
Lifetime: unlimited
Log format:
date time severity {session id} <category> [source]
label: message
===================================================

2019-Oct-01 10:39:12.560 ALW {N/A} <N/A> [OptimComponents Core]
========== Log start ==========

2019-Oct-01 10:39:12.560 INFO {N/A} <N/A> [OptimComponents Core]
Created session with ID 'vxmlDialog_0'.

2019-Oct-01 10:39:12.998 INFO {vxmlDialog_0} <Interpretation tracking> [VoiceXML interpreter]
Preparing document 'file:/L:/TP_DOHM/AGENDA_V0/gestion_agenda_v0.vxml'.

2019-Oct-01 10:39:13.018 INFO {vxmlDialog_0} <Interpretation tracking> [VoiceXML interpreter]
Preparing of document 'file:/L:/TP_DOHM/AGENDA_V0/gestion_agenda_v0.vxml' completed.
  result = success

2019-Oct-01 10:39:13.018 INFO {vxmlDialog_0} <Interpretation tracking> [VoiceXML interpreter]
Interpreting document 'file:/L:/TP_DOHM/AGENDA_V0/gestion_agenda_v0.vxml'

2019-Oct-01 10:39:13.028 INFO {vxmlDialog_0} <Interpretation tracking> [VoiceXML interpreter]
Interpreting <form> with id 'agenda'; line 23; column 1.

2019-Oct-01 10:39:13.048 INFO {vxmlDialog_0} <Interpretation tracking> [VoiceXML interpreter]
Interpreting <block>; line 40; column 1.

2019-Oct-01 10:39:13.058 INFO {vxmlDialog_0} <Interpretation tracking> [VoiceXML interpreter]
Interpreting <field> with name 'num_abonne'; line 48; column 1.

2019-Oct-01 10:39:13.128 INFO {vxmlDialog_0} <Interpretation tracking> [VoiceXML interpreter]
Waiting for user's input.

2019-Oct-01 10:39:17.738 INFO {vxmlDialog_0} <Interpretation tracking> [VoiceXML interpreter]
User's input collection completed.

2019-Oct-01 10:39:17.748 INFO {vxmlDialog_0} <Interpretation tracking> [VoiceXML interpreter]
The following input was collected:
  utterance = 12
  confidence = 1
  mode = voice

2019-Oct-01 10:39:17.748 INFO {vxmlDialog_0} <Interpretation tracking> [VoiceXML interpreter]
An event 'nomatch' was added to the event queue

2019-Oct-01 10:39:17.748 INFO {vxmlDialog_0} <Interpretation tracking> [VoiceXML interpreter]
Processing event 'nomatch'.
  Event origin = document 'file:/L:/TP_DOHM/AGENDA_V0/gestion_agenda_v0.vxml'; line 48
  Handler location = document 'file:/L:/TP_DOHM/AGENDA_V0/gestion_agenda_v0.vxml'; line 58, column 3

2019-Oct-01 10:39:17.748 INFO {vxmlDialog_0} <Interpretation tracking> [VoiceXML interpreter]
Interpreting <field> with name 'num_abonne'; line 48; column 1.

2019-Oct-01 10:39:17.748 INFO {vxmlDialog_0} <Interpretation tracking> [VoiceXML interpreter]
Waiting for user's input.

2019-Oct-01 10:39:22.338 INFO {vxmlDialog_0} <Interpretation tracking> [VoiceXML interpreter]
User's input collection completed.

2019-Oct-01 10:39:22.348 INFO {vxmlDialog_0} <Interpretation tracking> [VoiceXML interpreter]
The following input was collected:
  utterance = douze
  confidence = 1
  mode = voice

2019-Oct-01 10:39:22.348 INFO {vxmlDialog_0} <Interpretation tracking> [VoiceXML interpreter]
Interpreting <filled>; line 61; column 3.

2019-Oct-01 10:39:22.358 INFO {vxmlDialog_0} <Interpretation tracking> [VoiceXML interpreter]
Interpreting <field> with name 'confirm'; line 70; column 3.

2019-Oct-01 10:39:22.388 INFO {vxmlDialog_0} <Interpretation tracking> [VoiceXML interpreter]
Waiting for user's input.

2019-Oct-01 10:39:25.138 INFO {vxmlDialog_0} <Interpretation tracking> [VoiceXML interpreter]
User's input collection completed.

2019-Oct-01 10:39:25.148 INFO {vxmlDialog_0} <Interpretation tracking> [VoiceXML interpreter]
The following input was collected:
  utterance = douze
  confidence = 1
  mode = voice

2019-Oct-01 10:39:25.148 INFO {vxmlDialog_0} <Interpretation tracking> [VoiceXML interpreter]
An event 'nomatch' was added to the event queue

2019-Oct-01 10:39:25.148 INFO {vxmlDialog_0} <Interpretation tracking> [VoiceXML interpreter]
Processing event 'nomatch'.
  Event origin = document 'file:/L:/TP_DOHM/AGENDA_V0/gestion_agenda_v0.vxml'; line 70
  Handler location = document 'file:/L:/TP_DOHM/AGENDA_V0/gestion_agenda_v0.vxml'; line 79, column 10

2019-Oct-01 10:39:25.158 INFO {vxmlDialog_0} <Interpretation tracking> [VoiceXML interpreter]
Interpreting <field> with name 'confirm'; line 70; column 3.

2019-Oct-01 10:39:25.158 INFO {vxmlDialog_0} <Interpretation tracking> [VoiceXML interpreter]
Waiting for user's input.

2019-Oct-01 10:39:33.159 INFO {vxmlDialog_0} <Interpretation tracking> [VoiceXML interpreter]
An event 'noinput' was added to the event queue

2019-Oct-01 10:39:33.159 INFO {vxmlDialog_0} <Interpretation tracking> [VoiceXML interpreter]
User's input collection completed.

2019-Oct-01 10:39:33.159 INFO {vxmlDialog_0} <Interpretation tracking> [VoiceXML interpreter]
Processing event 'noinput'.
  Event origin = document 'file:/L:/TP_DOHM/AGENDA_V0/gestion_agenda_v0.vxml'; line 70
  Handler location = document 'file:/L:/TP_DOHM/AGENDA_V0/gestion_agenda_v0.vxml'; line 78, column 10

2019-Oct-01 10:39:33.159 INFO {vxmlDialog_0} <Interpretation tracking> [VoiceXML interpreter]
Interpreting <field> with name 'confirm'; line 70; column 3.

2019-Oct-01 10:39:33.159 INFO {vxmlDialog_0} <Interpretation tracking> [VoiceXML interpreter]
Waiting for user's input.

2019-Oct-01 10:39:39.339 INFO {vxmlDialog_0} <Interpretation tracking> [VoiceXML interpreter]
User's input collection completed.

2019-Oct-01 10:39:39.359 INFO {vxmlDialog_0} <Interpretation tracking> [VoiceXML interpreter]
The following input was collected:
  utterance = douze
  confidence = 1
  mode = voice

2019-Oct-01 10:39:39.359 INFO {vxmlDialog_0} <Interpretation tracking> [VoiceXML interpreter]
An event 'nomatch' was added to the event queue

2019-Oct-01 10:39:39.369 INFO {vxmlDialog_0} <Interpretation tracking> [VoiceXML interpreter]
Processing event 'nomatch'.
  Event origin = document 'file:/L:/TP_DOHM/AGENDA_V0/gestion_agenda_v0.vxml'; line 70
  Handler location = document 'file:/L:/TP_DOHM/AGENDA_V0/gestion_agenda_v0.vxml'; line 79, column 10

2019-Oct-01 10:39:39.369 INFO {vxmlDialog_0} <Interpretation tracking> [VoiceXML interpreter]
Interpreting <field> with name 'confirm'; line 70; column 3.

2019-Oct-01 10:39:39.369 INFO {vxmlDialog_0} <Interpretation tracking> [VoiceXML interpreter]
Waiting for user's input.

2019-Oct-01 10:39:47.369 INFO {vxmlDialog_0} <Interpretation tracking> [VoiceXML interpreter]
An event 'noinput' was added to the event queue

2019-Oct-01 10:39:47.369 INFO {vxmlDialog_0} <Interpretation tracking> [VoiceXML interpreter]
User's input collection completed.

2019-Oct-01 10:39:47.369 INFO {vxmlDialog_0} <Interpretation tracking> [VoiceXML interpreter]
Processing event 'noinput'.
  Event origin = document 'file:/L:/TP_DOHM/AGENDA_V0/gestion_agenda_v0.vxml'; line 70
  Handler location = document 'file:/L:/TP_DOHM/AGENDA_V0/gestion_agenda_v0.vxml'; line 78, column 10

2019-Oct-01 10:39:47.369 INFO {vxmlDialog_0} <Interpretation tracking> [VoiceXML interpreter]
Interpreting <field> with name 'confirm'; line 70; column 3.

2019-Oct-01 10:39:47.369 INFO {vxmlDialog_0} <Interpretation tracking> [VoiceXML interpreter]
Waiting for user's input.

2019-Oct-01 10:39:55.369 INFO {vxmlDialog_0} <Interpretation tracking> [VoiceXML interpreter]
An event 'noinput' was added to the event queue

2019-Oct-01 10:39:55.369 INFO {vxmlDialog_0} <Interpretation tracking> [VoiceXML interpreter]
User's input collection completed.

2019-Oct-01 10:39:55.369 INFO {vxmlDialog_0} <Interpretation tracking> [VoiceXML interpreter]
Processing event 'noinput'.
  Event origin = document 'file:/L:/TP_DOHM/AGENDA_V0/gestion_agenda_v0.vxml'; line 70
  Handler location = document 'file:/L:/TP_DOHM/AGENDA_V0/gestion_agenda_v0.vxml'; line 78, column 10

2019-Oct-01 10:39:55.369 INFO {vxmlDialog_0} <Interpretation tracking> [VoiceXML interpreter]
Interpreting <field> with name 'confirm'; line 70; column 3.

2019-Oct-01 10:39:55.369 INFO {vxmlDialog_0} <Interpretation tracking> [VoiceXML interpreter]
Waiting for user's input.

2019-Oct-01 10:40:03.369 INFO {vxmlDialog_0} <Interpretation tracking> [VoiceXML interpreter]
An event 'noinput' was added to the event queue

2019-Oct-01 10:40:03.369 INFO {vxmlDialog_0} <Interpretation tracking> [VoiceXML interpreter]
User's input collection completed.

2019-Oct-01 10:40:03.369 INFO {vxmlDialog_0} <Interpretation tracking> [VoiceXML interpreter]
Processing event 'noinput'.
  Event origin = document 'file:/L:/TP_DOHM/AGENDA_V0/gestion_agenda_v0.vxml'; line 70
  Handler location = document 'file:/L:/TP_DOHM/AGENDA_V0/gestion_agenda_v0.vxml'; line 78, column 10

2019-Oct-01 10:40:03.369 INFO {vxmlDialog_0} <Interpretation tracking> [VoiceXML interpreter]
Interpreting <field> with name 'confirm'; line 70; column 3.

2019-Oct-01 10:40:03.369 INFO {vxmlDialog_0} <Interpretation tracking> [VoiceXML interpreter]
Waiting for user's input.

2019-Oct-01 10:40:11.370 INFO {vxmlDialog_0} <Interpretation tracking> [VoiceXML interpreter]
An event 'noinput' was added to the event queue

2019-Oct-01 10:40:11.370 INFO {vxmlDialog_0} <Interpretation tracking> [VoiceXML interpreter]
User's input collection completed.

2019-Oct-01 10:40:11.370 INFO {vxmlDialog_0} <Interpretation tracking> [VoiceXML interpreter]
Processing event 'noinput'.
  Event origin = document 'file:/L:/TP_DOHM/AGENDA_V0/gestion_agenda_v0.vxml'; line 70
  Handler location = document 'file:/L:/TP_DOHM/AGENDA_V0/gestion_agenda_v0.vxml'; line 78, column 10

2019-Oct-01 10:40:11.370 INFO {vxmlDialog_0} <Interpretation tracking> [VoiceXML interpreter]
Interpreting <field> with name 'confirm'; line 70; column 3.

2019-Oct-01 10:40:11.370 INFO {vxmlDialog_0} <Interpretation tracking> [VoiceXML interpreter]
Waiting for user's input.

2019-Oct-01 10:40:19.370 INFO {vxmlDialog_0} <Interpretation tracking> [VoiceXML interpreter]
An event 'noinput' was added to the event queue

2019-Oct-01 10:40:19.370 INFO {vxmlDialog_0} <Interpretation tracking> [VoiceXML interpreter]
User's input collection completed.

2019-Oct-01 10:40:19.370 INFO {vxmlDialog_0} <Interpretation tracking> [VoiceXML interpreter]
Processing event 'noinput'.
  Event origin = document 'file:/L:/TP_DOHM/AGENDA_V0/gestion_agenda_v0.vxml'; line 70
  Handler location = document 'file:/L:/TP_DOHM/AGENDA_V0/gestion_agenda_v0.vxml'; line 78, column 10

2019-Oct-01 10:40:19.370 INFO {vxmlDialog_0} <Interpretation tracking> [VoiceXML interpreter]
Interpreting <field> with name 'confirm'; line 70; column 3.

2019-Oct-01 10:40:19.370 INFO {vxmlDialog_0} <Interpretation tracking> [VoiceXML interpreter]
Waiting for user's input.

2019-Oct-01 10:40:27.370 INFO {vxmlDialog_0} <Interpretation tracking> [VoiceXML interpreter]
An event 'noinput' was added to the event queue

2019-Oct-01 10:40:27.370 INFO {vxmlDialog_0} <Interpretation tracking> [VoiceXML interpreter]
User's input collection completed.

2019-Oct-01 10:40:27.370 INFO {vxmlDialog_0} <Interpretation tracking> [VoiceXML interpreter]
Processing event 'noinput'.
  Event origin = document 'file:/L:/TP_DOHM/AGENDA_V0/gestion_agenda_v0.vxml'; line 70
  Handler location = document 'file:/L:/TP_DOHM/AGENDA_V0/gestion_agenda_v0.vxml'; line 78, column 10

2019-Oct-01 10:40:27.370 INFO {vxmlDialog_0} <Interpretation tracking> [VoiceXML interpreter]
Interpreting <field> with name 'confirm'; line 70; column 3.

2019-Oct-01 10:40:27.370 INFO {vxmlDialog_0} <Interpretation tracking> [VoiceXML interpreter]
Waiting for user's input.

2019-Oct-01 10:40:35.370 INFO {vxmlDialog_0} <Interpretation tracking> [VoiceXML interpreter]
An event 'noinput' was added to the event queue

2019-Oct-01 10:40:35.370 INFO {vxmlDialog_0} <Interpretation tracking> [VoiceXML interpreter]
User's input collection completed.

2019-Oct-01 10:40:35.370 INFO {vxmlDialog_0} <Interpretation tracking> [VoiceXML interpreter]
Processing event 'noinput'.
  Event origin = document 'file:/L:/TP_DOHM/AGENDA_V0/gestion_agenda_v0.vxml'; line 70
  Handler location = document 'file:/L:/TP_DOHM/AGENDA_V0/gestion_agenda_v0.vxml'; line 78, column 10

2019-Oct-01 10:40:35.370 INFO {vxmlDialog_0} <Interpretation tracking> [VoiceXML interpreter]
Interpreting <field> with name 'confirm'; line 70; column 3.

2019-Oct-01 10:40:35.370 INFO {vxmlDialog_0} <Interpretation tracking> [VoiceXML interpreter]
Waiting for user's input.

2019-Oct-01 10:40:43.371 INFO {vxmlDialog_0} <Interpretation tracking> [VoiceXML interpreter]
An event 'noinput' was added to the event queue

2019-Oct-01 10:40:43.371 INFO {vxmlDialog_0} <Interpretation tracking> [VoiceXML interpreter]
User's input collection completed.

2019-Oct-01 10:40:43.371 INFO {vxmlDialog_0} <Interpretation tracking> [VoiceXML interpreter]
Processing event 'noinput'.
  Event origin = document 'file:/L:/TP_DOHM/AGENDA_V0/gestion_agenda_v0.vxml'; line 70
  Handler location = document 'file:/L:/TP_DOHM/AGENDA_V0/gestion_agenda_v0.vxml'; line 78, column 10

2019-Oct-01 10:40:43.371 INFO {vxmlDialog_0} <Interpretation tracking> [VoiceXML interpreter]
Interpreting <field> with name 'confirm'; line 70; column 3.

2019-Oct-01 10:40:43.371 INFO {vxmlDialog_0} <Interpretation tracking> [VoiceXML interpreter]
Waiting for user's input.

2019-Oct-01 10:41:08.441 INFO {vxmlDialog_0} <Interpretation tracking> [VoiceXML interpreter]
User's input collection completed.

2019-Oct-01 10:41:08.461 INFO {vxmlDialog_0} <Interpretation tracking> [VoiceXML interpreter]
The following input was collected:
  utterance = oui
  confidence = 1
  mode = voice

2019-Oct-01 10:41:08.461 INFO {vxmlDialog_0} <Interpretation tracking> [VoiceXML interpreter]
An event 'nomatch' was added to the event queue

2019-Oct-01 10:41:08.471 INFO {vxmlDialog_0} <Interpretation tracking> [VoiceXML interpreter]
Processing event 'nomatch'.
  Event origin = document 'file:/L:/TP_DOHM/AGENDA_V0/gestion_agenda_v0.vxml'; line 70
  Handler location = document 'file:/L:/TP_DOHM/AGENDA_V0/gestion_agenda_v0.vxml'; line 79, column 10

2019-Oct-01 10:41:08.471 INFO {vxmlDialog_0} <Interpretation tracking> [VoiceXML interpreter]
Interpreting <field> with name 'confirm'; line 70; column 3.

2019-Oct-01 10:41:08.471 INFO {vxmlDialog_0} <Interpretation tracking> [VoiceXML interpreter]
Waiting for user's input.

2019-Oct-01 10:41:16.472 INFO {vxmlDialog_0} <Interpretation tracking> [VoiceXML interpreter]
An event 'noinput' was added to the event queue

2019-Oct-01 10:41:16.472 INFO {vxmlDialog_0} <Interpretation tracking> [VoiceXML interpreter]
User's input collection completed.

2019-Oct-01 10:41:16.472 INFO {vxmlDialog_0} <Interpretation tracking> [VoiceXML interpreter]
Processing event 'noinput'.
  Event origin = document 'file:/L:/TP_DOHM/AGENDA_V0/gestion_agenda_v0.vxml'; line 70
  Handler location = document 'file:/L:/TP_DOHM/AGENDA_V0/gestion_agenda_v0.vxml'; line 78, column 10

2019-Oct-01 10:41:16.472 INFO {vxmlDialog_0} <Interpretation tracking> [VoiceXML interpreter]
Interpreting <field> with name 'confirm'; line 70; column 3.

2019-Oct-01 10:41:16.472 INFO {vxmlDialog_0} <Interpretation tracking> [VoiceXML interpreter]
Waiting for user's input.

2019-Oct-01 10:41:23.742 INFO {vxmlDialog_0} <Interpretation tracking> [VoiceXML interpreter]
User's input collection completed.

2019-Oct-01 10:41:23.742 INFO {vxmlDialog_0} <Interpretation tracking> [VoiceXML interpreter]
The following input was collected:
  utterance = oui
  confidence = 1
  mode = voice

2019-Oct-01 10:41:23.742 INFO {vxmlDialog_0} <Interpretation tracking> [VoiceXML interpreter]
Interpreting <filled>; line 85; column 10.

2019-Oct-01 10:41:23.752 INFO {vxmlDialog_0} <Interpretation tracking> [VoiceXML interpreter]
Interpreting <block>; line 101; column 1.

2019-Oct-01 10:41:23.772 INFO {vxmlDialog_0} <Interpretation tracking> [VoiceXML interpreter]
Interpretation finished.
  value returned by <exit> = undefined
  value returned by <disconnect> = 
undefined

2019-Oct-01 10:41:24.039 INFO {N/A} <N/A> [OptimComponents Core]
Deleted session with ID 'vxmlDialog_0'.

