Created from template: |append [ot_log-%y-%m-%d_%H_%M_%s.log] 
Number of records: 100000
Lifetime: unlimited
Log format:
date time severity {session id} <category> [source]
label: message
===================================================

2021-Nov-13 12:32:08.738 ALW {N/A} <N/A> [OptimComponents Core]
========== Log start ==========

2021-Nov-13 12:32:08.738 INFO {N/A} <N/A> [OptimComponents Core]
Created session with ID 'vxmlDialog_0'.

2021-Nov-13 12:32:08.937 INFO {vxmlDialog_0} <Interpretation tracking> [VoiceXML interpreter]
Preparing document 'file:/D:/Bureau/Upssitech/3A/Dialogue/Upssitech_3A_TP_Dialogue/AGENDA_V0/Reservation.vxml'.

2021-Nov-13 12:32:08.946 INFO {vxmlDialog_0} <Interpretation tracking> [VoiceXML interpreter]
Preparing of document 'file:/D:/Bureau/Upssitech/3A/Dialogue/Upssitech_3A_TP_Dialogue/AGENDA_V0/Reservation.vxml' completed.
  result = success

2021-Nov-13 12:32:08.952 INFO {vxmlDialog_0} <Interpretation tracking> [VoiceXML interpreter]
Interpreting document 'file:/D:/Bureau/Upssitech/3A/Dialogue/Upssitech_3A_TP_Dialogue/AGENDA_V0/Reservation.vxml'

2021-Nov-13 12:32:08.960 INFO {vxmlDialog_0} <Interpretation tracking> [VoiceXML interpreter]
Interpreting <form> with id 'start'; line 12; column 1.

2021-Nov-13 12:32:09.051 INFO {vxmlDialog_0} <Interpretation tracking> [VoiceXML interpreter]
Interpreting <initial> with name 'mixed'; line 34; column 3.

2021-Nov-13 12:32:09.056 INFO {vxmlDialog_0} <Interpretation tracking> [VoiceXML interpreter]
Waiting for user's input.

2021-Nov-13 12:32:13.692 INFO {vxmlDialog_0} <Interpretation tracking> [VoiceXML interpreter]
User's input collection completed.

2021-Nov-13 12:32:13.699 INFO {vxmlDialog_0} <Interpretation tracking> [VoiceXML interpreter]
The following input was collected:
  utterance = test
  confidence = 1
  mode = voice

2021-Nov-13 12:32:13.699 INFO {vxmlDialog_0} <Interpretation tracking> [VoiceXML interpreter]
An event 'nomatch' was added to the event queue

2021-Nov-13 12:32:13.699 INFO {vxmlDialog_0} <Interpretation tracking> [VoiceXML interpreter]
Processing event 'nomatch'.
  Event origin = document 'file:/D:/Bureau/Upssitech/3A/Dialogue/Upssitech_3A_TP_Dialogue/AGENDA_V0/Reservation.vxml'; line 34
  Handler location = document 'file:/D:/Bureau/Upssitech/3A/Dialogue/Upssitech_3A_TP_Dialogue/AGENDA_V0/Reservation.vxml'; line 36, column 5

2021-Nov-13 12:32:13.703 INFO {vxmlDialog_0} <Interpretation tracking> [VoiceXML interpreter]
Interpreting <initial> with name 'mixed'; line 34; column 3.

2021-Nov-13 12:32:13.703 INFO {vxmlDialog_0} <Interpretation tracking> [VoiceXML interpreter]
Waiting for user's input.

2021-Nov-13 12:32:16.956 INFO {vxmlDialog_0} <Interpretation tracking> [VoiceXML interpreter]
User's input collection completed.

2021-Nov-13 12:32:16.956 INFO {vxmlDialog_0} <Interpretation tracking> [VoiceXML interpreter]
The following input was collected:
  utterance = 
  confidence = 1
  mode = voice

2021-Nov-13 12:32:16.956 INFO {vxmlDialog_0} <Interpretation tracking> [VoiceXML interpreter]
An event 'nomatch' was added to the event queue

2021-Nov-13 12:32:16.957 INFO {vxmlDialog_0} <Interpretation tracking> [VoiceXML interpreter]
Processing event 'nomatch'.
  Event origin = document 'file:/D:/Bureau/Upssitech/3A/Dialogue/Upssitech_3A_TP_Dialogue/AGENDA_V0/Reservation.vxml'; line 34
  Handler location = document 'file:/D:/Bureau/Upssitech/3A/Dialogue/Upssitech_3A_TP_Dialogue/AGENDA_V0/Reservation.vxml'; line 39, column 5

2021-Nov-13 12:32:16.961 INFO {vxmlDialog_0} <Interpretation tracking> [VoiceXML interpreter]
Interpreting <field> with name 'reudate'; line 53; column 3.

2021-Nov-13 12:32:16.975 INFO {vxmlDialog_0} <Interpretation tracking> [VoiceXML interpreter]
Waiting for user's input.

2021-Nov-13 12:32:19.567 INFO {vxmlDialog_0} <Interpretation tracking> [VoiceXML interpreter]
User's input collection completed.

2021-Nov-13 12:32:19.568 INFO {vxmlDialog_0} <Interpretation tracking> [VoiceXML interpreter]
The following input was collected:
  utterance = 
  confidence = 1
  mode = voice

2021-Nov-13 12:32:19.568 INFO {vxmlDialog_0} <Interpretation tracking> [VoiceXML interpreter]
An event 'nomatch' was added to the event queue

2021-Nov-13 12:32:19.568 INFO {vxmlDialog_0} <Interpretation tracking> [VoiceXML interpreter]
Processing event 'nomatch'.
  Event origin = document 'file:/D:/Bureau/Upssitech/3A/Dialogue/Upssitech_3A_TP_Dialogue/AGENDA_V0/Reservation.vxml'; line 53
  Handler location = document 'file:/D:/Bureau/Upssitech/3A/Dialogue/Upssitech_3A_TP_Dialogue/AGENDA_V0/Reservation.vxml'; line 56, column 5

2021-Nov-13 12:32:19.572 INFO {vxmlDialog_0} <Interpretation tracking> [VoiceXML interpreter]
Interpreting <field> with name 'reudate'; line 53; column 3.

2021-Nov-13 12:32:19.572 INFO {vxmlDialog_0} <Interpretation tracking> [VoiceXML interpreter]
Waiting for user's input.

2021-Nov-13 12:32:20.898 INFO {vxmlDialog_0} <Interpretation tracking> [VoiceXML interpreter]
User has been disconnected.

2021-Nov-13 12:32:20.898 INFO {vxmlDialog_0} <Interpretation tracking> [VoiceXML interpreter]
An event 'connection.disconnect.hangup' was added to the event queue

2021-Nov-13 12:32:20.899 INFO {vxmlDialog_0} <Interpretation tracking> [VoiceXML interpreter]
User's input collection completed.

2021-Nov-13 12:32:20.899 INFO {vxmlDialog_0} <Interpretation tracking> [VoiceXML interpreter]
Processing event 'connection.disconnect.hangup'.
  Event origin = document 'file:/D:/Bureau/Upssitech/3A/Dialogue/Upssitech_3A_TP_Dialogue/AGENDA_V0/Reservation.vxml'
  Handler location = platform default handler

2021-Nov-13 12:32:20.903 INFO {vxmlDialog_0} <Interpretation tracking> [VoiceXML interpreter]
Interpretation finished.
  value returned by <exit> = 
{
}
  value returned by <disconnect> = 
undefined

2021-Nov-13 12:32:20.984 INFO {N/A} <N/A> [OptimComponents Core]
Deleted session with ID 'vxmlDialog_0'.

