Created from template: |append [ot_log-%y-%m-%d_%H_%M_%s.log] 
Number of records: 100000
Lifetime: unlimited
Log format:
date time severity {session id} <category> [source]
label: message
===================================================

2021-Nov-08 23:26:12.810 ALW {N/A} <N/A> [OptimComponents Core]
========== Log start ==========

2021-Nov-08 23:26:12.811 INFO {N/A} <N/A> [OptimComponents Core]
Created session with ID 'vxmlDialog_0'.

2021-Nov-08 23:26:12.925 INFO {vxmlDialog_0} <Interpretation tracking> [VoiceXML interpreter]
Preparing document 'file:/D:/Bureau/Upssitech/3A/Dialogue/Upssitech_3A_TP_Dialogue/AGENDA_V0/Reservation.vxml'.

2021-Nov-08 23:26:12.937 INFO {vxmlDialog_0} <Interpretation tracking> [VoiceXML interpreter]
Preparing of document 'file:/D:/Bureau/Upssitech/3A/Dialogue/Upssitech_3A_TP_Dialogue/AGENDA_V0/Reservation.vxml' completed.
  result = success

2021-Nov-08 23:26:12.938 INFO {vxmlDialog_0} <Interpretation tracking> [VoiceXML interpreter]
Interpreting document 'file:/D:/Bureau/Upssitech/3A/Dialogue/Upssitech_3A_TP_Dialogue/AGENDA_V0/Reservation.vxml'

2021-Nov-08 23:26:12.946 INFO {vxmlDialog_0} <Interpretation tracking> [VoiceXML interpreter]
Interpreting <form> with id 'start'; line 12; column 1.

2021-Nov-08 23:26:13.067 INFO {vxmlDialog_0} <Interpretation tracking> [VoiceXML interpreter]
Interpreting <initial> with name 'mixed'; line 34; column 3.

2021-Nov-08 23:26:13.070 INFO {vxmlDialog_0} <Interpretation tracking> [VoiceXML interpreter]
Waiting for user's input.

2021-Nov-08 23:26:17.882 INFO {vxmlDialog_0} <Interpretation tracking> [VoiceXML interpreter]
User's input collection completed.

2021-Nov-08 23:26:18.877 INFO {vxmlDialog_0} <Interpretation tracking> [VoiceXML interpreter]
The following input was collected:
  utterance = Demande de reservation dans le batiment U3 la salle dix pour une trois heures
  confidence = 1
  mode = voice

2021-Nov-08 23:26:18.877 INFO {vxmlDialog_0} <Interpretation tracking> [VoiceXML interpreter]
An event 'nomatch' was added to the event queue

2021-Nov-08 23:26:18.877 INFO {vxmlDialog_0} <Interpretation tracking> [VoiceXML interpreter]
Processing event 'nomatch'.
  Event origin = document 'file:/D:/Bureau/Upssitech/3A/Dialogue/Upssitech_3A_TP_Dialogue/AGENDA_V0/Reservation.vxml'; line 34
  Handler location = document 'file:/D:/Bureau/Upssitech/3A/Dialogue/Upssitech_3A_TP_Dialogue/AGENDA_V0/Reservation.vxml'; line 36, column 5

2021-Nov-08 23:26:18.880 INFO {vxmlDialog_0} <Interpretation tracking> [VoiceXML interpreter]
Interpreting <initial> with name 'mixed'; line 34; column 3.

2021-Nov-08 23:26:18.881 INFO {vxmlDialog_0} <Interpretation tracking> [VoiceXML interpreter]
Waiting for user's input.

2021-Nov-08 23:26:26.892 INFO {vxmlDialog_0} <Interpretation tracking> [VoiceXML interpreter]
An event 'noinput' was added to the event queue

2021-Nov-08 23:26:26.892 INFO {vxmlDialog_0} <Interpretation tracking> [VoiceXML interpreter]
User's input collection completed.

2021-Nov-08 23:26:26.892 INFO {vxmlDialog_0} <Interpretation tracking> [VoiceXML interpreter]
Processing event 'noinput'.
  Event origin = document 'file:/D:/Bureau/Upssitech/3A/Dialogue/Upssitech_3A_TP_Dialogue/AGENDA_V0/Reservation.vxml'; line 34
  Handler location = platform default handler

2021-Nov-08 23:26:26.892 INFO {vxmlDialog_0} <Interpretation tracking> [VoiceXML interpreter]
Interpreting <initial> with name 'mixed'; line 34; column 3.

2021-Nov-08 23:26:26.898 INFO {vxmlDialog_0} <Interpretation tracking> [VoiceXML interpreter]
Waiting for user's input.

2021-Nov-08 23:26:31.573 INFO {vxmlDialog_0} <Interpretation tracking> [VoiceXML interpreter]
User has been disconnected.

2021-Nov-08 23:26:31.573 INFO {vxmlDialog_0} <Interpretation tracking> [VoiceXML interpreter]
An event 'connection.disconnect.hangup' was added to the event queue

2021-Nov-08 23:26:31.574 INFO {vxmlDialog_0} <Interpretation tracking> [VoiceXML interpreter]
User's input collection completed.

2021-Nov-08 23:26:31.574 INFO {vxmlDialog_0} <Interpretation tracking> [VoiceXML interpreter]
Processing event 'connection.disconnect.hangup'.
  Event origin = document 'file:/D:/Bureau/Upssitech/3A/Dialogue/Upssitech_3A_TP_Dialogue/AGENDA_V0/Reservation.vxml'
  Handler location = platform default handler

2021-Nov-08 23:26:31.579 INFO {vxmlDialog_0} <Interpretation tracking> [VoiceXML interpreter]
Interpretation finished.
  value returned by <exit> = 
{
}
  value returned by <disconnect> = 
undefined

2021-Nov-08 23:26:31.649 INFO {N/A} <N/A> [OptimComponents Core]
Deleted session with ID 'vxmlDialog_0'.

