Created from template: |append [ot_log-%y-%m-%d_%H_%M_%s.log] 
Number of records: 100000
Lifetime: unlimited
Log format:
date time severity {session id} <category> [source]
label: message
===================================================

2021-Nov-08 23:13:47.524 ALW {N/A} <N/A> [OptimComponents Core]
========== Log start ==========

2021-Nov-08 23:13:47.524 INFO {N/A} <N/A> [OptimComponents Core]
Created session with ID 'vxmlDialog_0'.

2021-Nov-08 23:13:47.639 INFO {vxmlDialog_0} <Interpretation tracking> [VoiceXML interpreter]
Preparing document 'file:/D:/Bureau/Upssitech/3A/Dialogue/Upssitech_3A_TP_Dialogue/AGENDA_V0/Reservation.vxml'.

2021-Nov-08 23:13:47.666 INFO {vxmlDialog_0} <Interpretation tracking> [VoiceXML interpreter]
Preparing of document 'file:/D:/Bureau/Upssitech/3A/Dialogue/Upssitech_3A_TP_Dialogue/AGENDA_V0/Reservation.vxml' completed.
  result = success

2021-Nov-08 23:13:47.667 INFO {vxmlDialog_0} <Interpretation tracking> [VoiceXML interpreter]
Interpreting document 'file:/D:/Bureau/Upssitech/3A/Dialogue/Upssitech_3A_TP_Dialogue/AGENDA_V0/Reservation.vxml'

2021-Nov-08 23:13:47.677 INFO {vxmlDialog_0} <Interpretation tracking> [VoiceXML interpreter]
Interpreting <form> with id 'start'; line 12; column 1.

2021-Nov-08 23:13:47.792 INFO {vxmlDialog_0} <Interpretation tracking> [VoiceXML interpreter]
Interpreting <initial> with name 'mixed'; line 34; column 3.

2021-Nov-08 23:13:47.796 INFO {vxmlDialog_0} <Interpretation tracking> [VoiceXML interpreter]
Waiting for user's input.

2021-Nov-08 23:13:54.656 INFO {vxmlDialog_0} <Interpretation tracking> [VoiceXML interpreter]
User's input collection completed.

2021-Nov-08 23:13:54.950 INFO {vxmlDialog_0} <Interpretation tracking> [VoiceXML interpreter]
The following input was collected:
  utterance = Je veux reserver le lundi deux mars a dix heures pour une heure
  confidence = 1
  mode = voice

2021-Nov-08 23:13:54.952 INFO {vxmlDialog_0} <Interpretation tracking> [VoiceXML interpreter]
Interpreting <filled>; line 49; column 3.

2021-Nov-08 23:13:54.952 INFO {vxmlDialog_0} <Interpretation tracking> [VoiceXML interpreter]
Interpreting <filled>; line 62; column 5.

2021-Nov-08 23:13:54.953 INFO {vxmlDialog_0} <Interpretation tracking> [VoiceXML interpreter]
Interpreting <filled>; line 76; column 5.

2021-Nov-08 23:13:54.953 INFO {vxmlDialog_0} <Interpretation tracking> [VoiceXML interpreter]
Interpreting <filled>; line 90; column 5.

2021-Nov-08 23:13:54.953 INFO {vxmlDialog_0} <Interpretation tracking> [VoiceXML interpreter]
Interpreting <filled>; line 123; column 3.

2021-Nov-08 23:13:54.957 INFO {vxmlDialog_0} <Interpretation tracking> [VoiceXML interpreter]
Interpreting <field> with name 'reulieu'; line 95; column 1.

2021-Nov-08 23:13:54.958 INFO {vxmlDialog_0} <Interpretation tracking> [VoiceXML interpreter]
Waiting for user's input.

2021-Nov-08 23:14:02.973 INFO {vxmlDialog_0} <Interpretation tracking> [VoiceXML interpreter]
An event 'noinput' was added to the event queue

2021-Nov-08 23:14:02.973 INFO {vxmlDialog_0} <Interpretation tracking> [VoiceXML interpreter]
User's input collection completed.

2021-Nov-08 23:14:02.974 INFO {vxmlDialog_0} <Interpretation tracking> [VoiceXML interpreter]
Processing event 'noinput'.
  Event origin = document 'file:/D:/Bureau/Upssitech/3A/Dialogue/Upssitech_3A_TP_Dialogue/AGENDA_V0/Reservation.vxml'; line 95
  Handler location = platform default handler

2021-Nov-08 23:14:02.974 INFO {vxmlDialog_0} <Interpretation tracking> [VoiceXML interpreter]
Interpreting <field> with name 'reulieu'; line 95; column 1.

2021-Nov-08 23:14:02.976 INFO {vxmlDialog_0} <Interpretation tracking> [VoiceXML interpreter]
Waiting for user's input.

2021-Nov-08 23:14:10.983 INFO {vxmlDialog_0} <Interpretation tracking> [VoiceXML interpreter]
An event 'noinput' was added to the event queue

2021-Nov-08 23:14:10.983 INFO {vxmlDialog_0} <Interpretation tracking> [VoiceXML interpreter]
User's input collection completed.

2021-Nov-08 23:14:10.983 INFO {vxmlDialog_0} <Interpretation tracking> [VoiceXML interpreter]
Processing event 'noinput'.
  Event origin = document 'file:/D:/Bureau/Upssitech/3A/Dialogue/Upssitech_3A_TP_Dialogue/AGENDA_V0/Reservation.vxml'; line 95
  Handler location = platform default handler

2021-Nov-08 23:14:10.984 INFO {vxmlDialog_0} <Interpretation tracking> [VoiceXML interpreter]
Interpreting <field> with name 'reulieu'; line 95; column 1.

2021-Nov-08 23:14:10.987 INFO {vxmlDialog_0} <Interpretation tracking> [VoiceXML interpreter]
Waiting for user's input.

2021-Nov-08 23:14:26.739 INFO {vxmlDialog_0} <Interpretation tracking> [VoiceXML interpreter]
User's input collection completed.

2021-Nov-08 23:14:26.769 INFO {vxmlDialog_0} <Interpretation tracking> [VoiceXML interpreter]
The following input was collected:
  utterance = batiment U4 salle deux
  confidence = 1
  mode = voice

2021-Nov-08 23:14:26.770 INFO {vxmlDialog_0} <Interpretation tracking> [VoiceXML interpreter]
Interpreting <filled>; line 49; column 3.

2021-Nov-08 23:14:26.770 INFO {vxmlDialog_0} <Interpretation tracking> [VoiceXML interpreter]
Interpreting <filled>; line 104; column 5.

2021-Nov-08 23:14:26.771 INFO {vxmlDialog_0} <Interpretation tracking> [VoiceXML interpreter]
Interpreting <filled>; line 123; column 3.

2021-Nov-08 23:14:26.773 INFO {vxmlDialog_0} <Interpretation tracking> [VoiceXML interpreter]
Interpreting <field> with name 'reuobjet'; line 109; column 3.

2021-Nov-08 23:14:26.777 INFO {vxmlDialog_0} <Interpretation tracking> [VoiceXML interpreter]
Waiting for user's input.

2021-Nov-08 23:14:35.621 INFO {vxmlDialog_0} <Interpretation tracking> [VoiceXML interpreter]
User's input collection completed.

2021-Nov-08 23:14:35.625 INFO {vxmlDialog_0} <Interpretation tracking> [VoiceXML interpreter]
The following input was collected:
  utterance = Revue
  confidence = 1
  mode = voice

2021-Nov-08 23:14:35.626 INFO {vxmlDialog_0} <Interpretation tracking> [VoiceXML interpreter]
Interpreting <filled>; line 49; column 3.

2021-Nov-08 23:14:35.626 INFO {vxmlDialog_0} <Interpretation tracking> [VoiceXML interpreter]
Interpreting <filled>; line 118; column 5.

2021-Nov-08 23:14:35.627 INFO {vxmlDialog_0} <Interpretation tracking> [VoiceXML interpreter]
Interpreting <filled>; line 123; column 3.

2021-Nov-08 23:14:35.629 INFO {vxmlDialog_0} <Interpretation tracking> [VoiceXML interpreter]
Interpreting <block>; line 130; column 3.

2021-Nov-08 23:14:35.639 INFO {vxmlDialog_0} <Interpretation tracking> [VoiceXML interpreter]
Interpretation finished.
  value returned by <exit> = undefined
  value returned by <disconnect> = 
undefined

2021-Nov-08 23:14:35.742 INFO {N/A} <N/A> [OptimComponents Core]
Deleted session with ID 'vxmlDialog_0'.

