Created from template: |append [ot_log-%y-%m-%d_%H_%M_%s.log] 
Number of records: 100000
Lifetime: unlimited
Log format:
date time severity {session id} <category> [source]
label: message
===================================================

2021-Sep-22 15:18:50.184 ALW {N/A} <N/A> [OptimComponents Core]
========== Log start ==========

2021-Sep-22 15:18:50.184 INFO {N/A} <N/A> [OptimComponents Core]
Created session with ID 'vxmlDialog_0'.

2021-Sep-22 15:18:50.294 INFO {vxmlDialog_0} <Interpretation tracking> [VoiceXML interpreter]
Preparing document 'file:/L:/Dialogue_Oral/AGENDA_V0/AGENDA_V0/gestion_agenda_v1.vxml'.

2021-Sep-22 15:18:50.314 INFO {vxmlDialog_0} <Interpretation tracking> [VoiceXML interpreter]
Preparing of document 'file:/L:/Dialogue_Oral/AGENDA_V0/AGENDA_V0/gestion_agenda_v1.vxml' completed.
  result = success

2021-Sep-22 15:18:50.314 INFO {vxmlDialog_0} <Interpretation tracking> [VoiceXML interpreter]
Interpreting document 'file:/L:/Dialogue_Oral/AGENDA_V0/AGENDA_V0/gestion_agenda_v1.vxml'

2021-Sep-22 15:18:50.324 INFO {vxmlDialog_0} <Interpretation tracking> [VoiceXML interpreter]
Interpreting <form> with id 'agenda'; line 23; column 1.

2021-Sep-22 15:18:50.324 INFO {vxmlDialog_0} <Interpretation tracking> [VoiceXML interpreter]
Interpreting <block>; line 40; column 1.

2021-Sep-22 15:18:50.334 INFO {vxmlDialog_0} <Interpretation tracking> [VoiceXML interpreter]
Interpreting <field> with name 'num_abonne'; line 48; column 1.

2021-Sep-22 15:18:50.394 INFO {vxmlDialog_0} <Interpretation tracking> [VoiceXML interpreter]
Waiting for user's input.

2021-Sep-22 15:18:52.154 INFO {vxmlDialog_0} <Interpretation tracking> [VoiceXML interpreter]
User's input collection completed.

2021-Sep-22 15:18:52.154 INFO {vxmlDialog_0} <Interpretation tracking> [VoiceXML interpreter]
The following input was collected:
  utterance = trois
  confidence = 1
  mode = voice

2021-Sep-22 15:18:52.164 INFO {vxmlDialog_0} <Interpretation tracking> [VoiceXML interpreter]
Interpreting <filled>; line 61; column 3.

2021-Sep-22 15:18:52.164 INFO {vxmlDialog_0} <Interpretation tracking> [VoiceXML interpreter]
Interpreting <field> with name 'confirm'; line 75; column 3.

2021-Sep-22 15:18:52.204 INFO {vxmlDialog_0} <Interpretation tracking> [VoiceXML interpreter]
Waiting for user's input.

2021-Sep-22 15:18:54.755 INFO {vxmlDialog_0} <Interpretation tracking> [VoiceXML interpreter]
User's input collection completed.

2021-Sep-22 15:18:54.755 INFO {vxmlDialog_0} <Interpretation tracking> [VoiceXML interpreter]
The following input was collected:
  utterance = oui
  confidence = 1
  mode = voice

2021-Sep-22 15:18:54.755 INFO {vxmlDialog_0} <Interpretation tracking> [VoiceXML interpreter]
Interpreting <filled>; line 90; column 10.

2021-Sep-22 15:18:54.765 INFO {vxmlDialog_0} <Interpretation tracking> [VoiceXML interpreter]
Interpreting <block>; line 106; column 1.

2021-Sep-22 15:18:54.765 INFO {vxmlDialog_0} <Interpretation tracking> [VoiceXML interpreter]
Interpreting <field> with name 'resa_salle_date'; line 111; column 1.

2021-Sep-22 15:18:54.845 INFO {vxmlDialog_0} <Interpretation tracking> [VoiceXML interpreter]
Waiting for user's input.

2021-Sep-22 15:19:04.555 INFO {vxmlDialog_0} <Interpretation tracking> [VoiceXML interpreter]
User's input collection completed.

2021-Sep-22 15:19:04.565 INFO {vxmlDialog_0} <Interpretation tracking> [VoiceXML interpreter]
The following input was collected:
  utterance = mardi cinq fevrier
  confidence = 1
  mode = voice

2021-Sep-22 15:19:04.565 INFO {vxmlDialog_0} <Interpretation tracking> [VoiceXML interpreter]
Interpreting <filled>; line 124; column 3.

2021-Sep-22 15:19:04.585 INFO {vxmlDialog_0} <Interpretation tracking> [VoiceXML interpreter]
Interpreting <field> with name 'confirm_resa'; line 137; column 1.

2021-Sep-22 15:19:04.585 INFO {vxmlDialog_0} <Interpretation tracking> [VoiceXML interpreter]
Waiting for user's input.

2021-Sep-22 15:19:10.426 INFO {vxmlDialog_0} <Interpretation tracking> [VoiceXML interpreter]
User has been disconnected.

2021-Sep-22 15:19:10.426 INFO {vxmlDialog_0} <Interpretation tracking> [VoiceXML interpreter]
An event 'connection.disconnect.hangup' was added to the event queue

2021-Sep-22 15:19:10.426 INFO {vxmlDialog_0} <Interpretation tracking> [VoiceXML interpreter]
User's input collection completed.

2021-Sep-22 15:19:10.426 INFO {vxmlDialog_0} <Interpretation tracking> [VoiceXML interpreter]
Processing event 'connection.disconnect.hangup'.
  Event origin = document 'file:/L:/Dialogue_Oral/AGENDA_V0/AGENDA_V0/gestion_agenda_v1.vxml'
  Handler location = platform default handler

2021-Sep-22 15:19:10.436 INFO {vxmlDialog_0} <Interpretation tracking> [VoiceXML interpreter]
Interpretation finished.
  value returned by <exit> = 
{
}
  value returned by <disconnect> = 
undefined

2021-Sep-22 15:19:10.466 INFO {N/A} <N/A> [OptimComponents Core]
Deleted session with ID 'vxmlDialog_0'.

