Created from template: |append [ot_log-%y-%m-%d_%H_%M_%s.log] 
Number of records: 100000
Lifetime: unlimited
Log format:
date time severity {session id} <category> [source]
label: message
===================================================

2021-Nov-13 12:30:17.384 ALW {N/A} <N/A> [OptimComponents Core]
========== Log start ==========

2021-Nov-13 12:30:17.384 INFO {N/A} <N/A> [OptimComponents Core]
Created session with ID 'vxmlDialog_0'.

2021-Nov-13 12:30:17.577 INFO {vxmlDialog_0} <Interpretation tracking> [VoiceXML interpreter]
Preparing document 'file:/D:/Bureau/Upssitech/3A/Dialogue/Upssitech_3A_TP_Dialogue/AGENDA_V0/Reservation.vxml'.

2021-Nov-13 12:30:17.585 INFO {vxmlDialog_0} <Interpretation tracking> [VoiceXML interpreter]
Preparing of document 'file:/D:/Bureau/Upssitech/3A/Dialogue/Upssitech_3A_TP_Dialogue/AGENDA_V0/Reservation.vxml' completed.
  result = success

2021-Nov-13 12:30:17.590 INFO {vxmlDialog_0} <Interpretation tracking> [VoiceXML interpreter]
Interpreting document 'file:/D:/Bureau/Upssitech/3A/Dialogue/Upssitech_3A_TP_Dialogue/AGENDA_V0/Reservation.vxml'

2021-Nov-13 12:30:17.598 INFO {vxmlDialog_0} <Interpretation tracking> [VoiceXML interpreter]
Interpreting <form> with id 'start'; line 12; column 1.

2021-Nov-13 12:30:17.692 INFO {vxmlDialog_0} <Interpretation tracking> [VoiceXML interpreter]
Interpreting <initial> with name 'mixed'; line 34; column 3.

2021-Nov-13 12:30:17.696 INFO {vxmlDialog_0} <Interpretation tracking> [VoiceXML interpreter]
Waiting for user's input.

2021-Nov-13 12:30:19.410 INFO {vxmlDialog_0} <Interpretation tracking> [VoiceXML interpreter]
User's input collection completed.

2021-Nov-13 12:30:19.694 INFO {vxmlDialog_0} <Interpretation tracking> [VoiceXML interpreter]
The following input was collected:
  utterance = Je veux reserver le lundi deux mars a dix heures pour une heure
  confidence = 1
  mode = voice

2021-Nov-13 12:30:19.696 INFO {vxmlDialog_0} <Interpretation tracking> [VoiceXML interpreter]
Interpreting <filled>; line 49; column 3.

2021-Nov-13 12:30:19.696 INFO {vxmlDialog_0} <Interpretation tracking> [VoiceXML interpreter]
Interpreting <filled>; line 62; column 5.

2021-Nov-13 12:30:19.696 INFO {vxmlDialog_0} <Interpretation tracking> [VoiceXML interpreter]
Interpreting <filled>; line 76; column 5.

2021-Nov-13 12:30:19.696 INFO {vxmlDialog_0} <Interpretation tracking> [VoiceXML interpreter]
Interpreting <filled>; line 90; column 5.

2021-Nov-13 12:30:19.697 INFO {vxmlDialog_0} <Interpretation tracking> [VoiceXML interpreter]
Interpreting <filled>; line 123; column 3.

2021-Nov-13 12:30:19.700 INFO {vxmlDialog_0} <Interpretation tracking> [VoiceXML interpreter]
Interpreting <field> with name 'reulieu'; line 95; column 1.

2021-Nov-13 12:30:19.702 INFO {vxmlDialog_0} <Interpretation tracking> [VoiceXML interpreter]
Waiting for user's input.

2021-Nov-13 12:30:34.879 INFO {vxmlDialog_0} <Interpretation tracking> [VoiceXML interpreter]
User's input collection completed.

2021-Nov-13 12:30:34.901 INFO {vxmlDialog_0} <Interpretation tracking> [VoiceXML interpreter]
The following input was collected:
  utterance = batiment U4 salle deux
  confidence = 1
  mode = voice

2021-Nov-13 12:30:34.902 INFO {vxmlDialog_0} <Interpretation tracking> [VoiceXML interpreter]
Interpreting <filled>; line 49; column 3.

2021-Nov-13 12:30:34.902 INFO {vxmlDialog_0} <Interpretation tracking> [VoiceXML interpreter]
Interpreting <filled>; line 104; column 5.

2021-Nov-13 12:30:34.902 INFO {vxmlDialog_0} <Interpretation tracking> [VoiceXML interpreter]
Interpreting <filled>; line 123; column 3.

2021-Nov-13 12:30:34.906 INFO {vxmlDialog_0} <Interpretation tracking> [VoiceXML interpreter]
Interpreting <field> with name 'reuobjet'; line 109; column 3.

2021-Nov-13 12:30:34.909 INFO {vxmlDialog_0} <Interpretation tracking> [VoiceXML interpreter]
Waiting for user's input.

2021-Nov-13 12:30:40.975 INFO {vxmlDialog_0} <Interpretation tracking> [VoiceXML interpreter]
User's input collection completed.

2021-Nov-13 12:30:40.978 INFO {vxmlDialog_0} <Interpretation tracking> [VoiceXML interpreter]
The following input was collected:
  utterance = revue
  confidence = 1
  mode = voice

2021-Nov-13 12:30:40.978 INFO {vxmlDialog_0} <Interpretation tracking> [VoiceXML interpreter]
Interpreting <filled>; line 49; column 3.

2021-Nov-13 12:30:40.979 INFO {vxmlDialog_0} <Interpretation tracking> [VoiceXML interpreter]
Interpreting <filled>; line 118; column 5.

2021-Nov-13 12:30:40.979 INFO {vxmlDialog_0} <Interpretation tracking> [VoiceXML interpreter]
Interpreting <filled>; line 123; column 3.

2021-Nov-13 12:30:40.982 INFO {vxmlDialog_0} <Interpretation tracking> [VoiceXML interpreter]
Interpreting <block>; line 130; column 3.

2021-Nov-13 12:30:40.993 INFO {vxmlDialog_0} <Interpretation tracking> [VoiceXML interpreter]
Interpretation finished.
  value returned by <exit> = undefined
  value returned by <disconnect> = 
undefined

2021-Nov-13 12:30:41.096 INFO {N/A} <N/A> [OptimComponents Core]
Deleted session with ID 'vxmlDialog_0'.

