Created from template: |append [ot_log-%y-%m-%d_%H_%M_%s.log] 
Number of records: 100000
Lifetime: unlimited
Log format:
date time severity {session id} <category> [source]
label: message
===================================================

2021-Oct-27 17:09:31.735 ALW {N/A} <N/A> [OptimComponents Core]
========== Log start ==========

2021-Oct-27 17:09:31.735 INFO {N/A} <N/A> [OptimComponents Core]
Created session with ID 'vxmlDialog_0'.

2021-Oct-27 17:09:31.944 INFO {vxmlDialog_0} <Interpretation tracking> [VoiceXML interpreter]
Preparing document 'file:/D:/Bureau/Upssitech/3A/Dialogue/Upssitech_3A_TP_Dialogue/AGENDA_V0/gestion_agenda_v1_bis.vxml'.

2021-Oct-27 17:09:31.983 INFO {vxmlDialog_0} <Interpretation tracking> [VoiceXML interpreter]
Preparing of document 'file:/D:/Bureau/Upssitech/3A/Dialogue/Upssitech_3A_TP_Dialogue/AGENDA_V0/gestion_agenda_v1_bis.vxml' completed.
  result = success

2021-Oct-27 17:09:31.988 INFO {vxmlDialog_0} <Interpretation tracking> [VoiceXML interpreter]
Interpreting document 'file:/D:/Bureau/Upssitech/3A/Dialogue/Upssitech_3A_TP_Dialogue/AGENDA_V0/gestion_agenda_v1_bis.vxml'

2021-Oct-27 17:09:32.002 INFO {vxmlDialog_0} <Interpretation tracking> [VoiceXML interpreter]
Interpreting <form> with id 'agenda'; line 32; column 1.

2021-Oct-27 17:09:32.003 INFO {vxmlDialog_0} <Interpretation tracking> [VoiceXML interpreter]
Interpreting <block>; line 50; column 1.

2021-Oct-27 17:09:32.010 INFO {vxmlDialog_0} <Interpretation tracking> [VoiceXML interpreter]
Interpreting <field> with name 'num_abonne'; line 58; column 1.

2021-Oct-27 17:09:32.047 INFO {vxmlDialog_0} <Interpretation tracking> [VoiceXML interpreter]
Waiting for user's input.

2021-Oct-27 17:09:37.441 INFO {vxmlDialog_0} <Interpretation tracking> [VoiceXML interpreter]
User's input collection completed.

2021-Oct-27 17:09:37.443 INFO {vxmlDialog_0} <Interpretation tracking> [VoiceXML interpreter]
The following input was collected:
  utterance = deux
  confidence = 1
  mode = voice

2021-Oct-27 17:09:37.444 INFO {vxmlDialog_0} <Interpretation tracking> [VoiceXML interpreter]
Interpreting <filled>; line 71; column 3.

2021-Oct-27 17:09:37.450 INFO {vxmlDialog_0} <Interpretation tracking> [VoiceXML interpreter]
Interpreting <subdialog> with name 'confirm'; line 84; column 1.

2021-Oct-27 17:09:37.472 INFO {vxmlDialog_0} <Interpretation tracking> [VoiceXML interpreter]
Preparing document 'file:/D:/Bureau/Upssitech/3A/Dialogue/Upssitech_3A_TP_Dialogue/AGENDA_V0/confirmation_user.vxml#confirmation'.

2021-Oct-27 17:09:37.499 INFO {vxmlDialog_0} <Interpretation tracking> [VoiceXML interpreter]
Preparing of document 'file:/D:/Bureau/Upssitech/3A/Dialogue/Upssitech_3A_TP_Dialogue/AGENDA_V0/confirmation_user.vxml#confirmation' completed.
  result = success

2021-Oct-27 17:09:37.499 INFO {vxmlDialog_0} <Interpretation tracking> [VoiceXML interpreter]
Interpreting document 'file:/D:/Bureau/Upssitech/3A/Dialogue/Upssitech_3A_TP_Dialogue/AGENDA_V0/confirmation_user.vxml#confirmation'

2021-Oct-27 17:09:37.513 INFO {vxmlDialog_0} <Interpretation tracking> [VoiceXML interpreter]
An event 'error.badfetch' was added to the event queue

2021-Oct-27 17:09:37.513 ERR  {vxmlDialog_0} <System message> [VoiceXML interpreter]
An unhandled error event 'error.badfetch' occurred (It will be processed by a default platform error handler). The following message was associated with the event: line 84; Referenced dialog 'confirmation' not found in document 'file:/D:/Bureau/Upssitech/3A/Dialogue/Upssitech_3A_TP_Dialogue/AGENDA_V0/confirmation_user.vxml'.

2021-Oct-27 17:09:37.513 WARN {vxmlDialog_0} <Alarm> [VoiceXML interpreter]
optimtalk.interpretationError: An unhandled error event 'error.badfetch' occurred (It will be processed by a default platform error handler). The following message was associated with the event: line 84; Referenced dialog 'confirmation' not found in document 'file:/D:/Bureau/Upssitech/3A/Dialogue/Upssitech_3A_TP_Dialogue/AGENDA_V0/confirmation_user.vxml'.

2021-Oct-27 17:09:37.518 INFO {vxmlDialog_0} <Interpretation tracking> [VoiceXML interpreter]
Processing event 'error.badfetch'.
  Event origin = document 'file:/D:/Bureau/Upssitech/3A/Dialogue/Upssitech_3A_TP_Dialogue/AGENDA_V0/confirmation_user.vxml'; line 84
  Handler location = platform default handler

2021-Oct-27 17:09:37.522 ERR  {vxmlDialog_0} <user's application> [VoiceXML interpreter]
Unhandled error event 'error.badfetch' occurred. Associated message: line 84; Referenced dialog 'confirmation' not found in document 'file:/D:/Bureau/Upssitech/3A/Dialogue/Upssitech_3A_TP_Dialogue/AGENDA_V0/confirmation_user.vxml'.

2021-Oct-27 17:09:37.525 INFO {vxmlDialog_0} <Interpretation tracking> [VoiceXML interpreter]
Back from a subdialog.

2021-Oct-27 17:09:37.529 INFO {vxmlDialog_0} <Interpretation tracking> [VoiceXML interpreter]
Interpretation finished.
  value returned by <exit> = 
{
}
  value returned by <disconnect> = 
undefined

2021-Oct-27 17:09:37.560 INFO {N/A} <N/A> [OptimComponents Core]
Deleted session with ID 'vxmlDialog_0'.

